*******************************************************************************************************************
* Start Image Request for 30 tiles
* Image Projection: GEOGCS["GCS_WGS_1984",DATUM["D_WGS_1984",SPHEROID["WGS_1984",6378137,298.257223563]],PRIMEM["Greenwich",0],UNIT["Degree",0.017453292519943295]]
* Image Width: 1656
* Image Height: 1084
*******************************************************************************************************************
 
*******************************************************************************************************************
* MapProvider:  Bing Maps (Luftbild)
* Request Tile 1 (30)
* Left: 8.3566 Top: 49.1397 Right: 8.3729 Bottom: 49.1174
*******************************************************************************************************************
 
 
*******************************************************************************************************************
* MapProvider:  Bing Maps (Luftbild)
* Request Tile 2 (30)
* Left: 8.3728 Top: 49.1397 Right: 8.3892 Bottom: 49.1174
*******************************************************************************************************************
 
 
*******************************************************************************************************************
* MapProvider:  Bing Maps (Luftbild)
* Request Tile 3 (30)
* Left: 8.3891 Top: 49.1397 Right: 8.4055 Bottom: 49.1174
*******************************************************************************************************************
 
 
*******************************************************************************************************************
* MapProvider:  Bing Maps (Luftbild)
* Request Tile 4 (30)
* Left: 8.4054 Top: 49.1397 Right: 8.4217 Bottom: 49.1174
*******************************************************************************************************************
 
 
*******************************************************************************************************************
* MapProvider:  Bing Maps (Luftbild)
* Request Tile 5 (30)
* Left: 8.4217 Top: 49.1397 Right: 8.4380 Bottom: 49.1174
*******************************************************************************************************************
 
 
*******************************************************************************************************************
* MapProvider:  Bing Maps (Luftbild)
* Request Tile 6 (30)
* Left: 8.4380 Top: 49.1397 Right: 8.4543 Bottom: 49.1174
*******************************************************************************************************************
 
 
*******************************************************************************************************************
* MapProvider:  Bing Maps (Luftbild)
* Request Tile 7 (30)
* Left: 8.4543 Top: 49.1397 Right: 8.4706 Bottom: 49.1174
*******************************************************************************************************************
 
 
*******************************************************************************************************************
* MapProvider:  Bing Maps (Luftbild)
* Request Tile 8 (30)
* Left: 8.3566 Top: 49.1175 Right: 8.3729 Bottom: 49.0953
*******************************************************************************************************************
 
 
*******************************************************************************************************************
* MapProvider:  Bing Maps (Luftbild)
* Request Tile 9 (30)
* Left: 8.3728 Top: 49.1175 Right: 8.3892 Bottom: 49.0953
*******************************************************************************************************************
 
 
*******************************************************************************************************************
* MapProvider:  Bing Maps (Luftbild)
* Request Tile 10 (30)
* Left: 8.3891 Top: 49.1175 Right: 8.4055 Bottom: 49.0953
*******************************************************************************************************************
 
 
*******************************************************************************************************************
* MapProvider:  Bing Maps (Luftbild)
* Request Tile 11 (30)
* Left: 8.4054 Top: 49.1175 Right: 8.4217 Bottom: 49.0953
*******************************************************************************************************************
 
 
*******************************************************************************************************************
* MapProvider:  Bing Maps (Luftbild)
* Request Tile 12 (30)
* Left: 8.4217 Top: 49.1175 Right: 8.4380 Bottom: 49.0953
*******************************************************************************************************************
 
 
*******************************************************************************************************************
* MapProvider:  Bing Maps (Luftbild)
* Request Tile 13 (30)
* Left: 8.4380 Top: 49.1175 Right: 8.4543 Bottom: 49.0953
*******************************************************************************************************************
 
 
*******************************************************************************************************************
* MapProvider:  Bing Maps (Luftbild)
* Request Tile 14 (30)
* Left: 8.4543 Top: 49.1175 Right: 8.4706 Bottom: 49.0953
*******************************************************************************************************************
 
 
*******************************************************************************************************************
* MapProvider:  Bing Maps (Luftbild)
* Request Tile 15 (30)
* Left: 8.3566 Top: 49.0953 Right: 8.3729 Bottom: 49.0731
*******************************************************************************************************************
 
 
*******************************************************************************************************************
* MapProvider:  Bing Maps (Luftbild)
* Request Tile 16 (30)
* Left: 8.3728 Top: 49.0953 Right: 8.3892 Bottom: 49.0731
*******************************************************************************************************************
 
 
*******************************************************************************************************************
* MapProvider:  Bing Maps (Luftbild)
* Request Tile 17 (30)
* Left: 8.3891 Top: 49.0953 Right: 8.4055 Bottom: 49.0731
*******************************************************************************************************************
 
 
*******************************************************************************************************************
* MapProvider:  Bing Maps (Luftbild)
* Request Tile 18 (30)
* Left: 8.4054 Top: 49.0953 Right: 8.4217 Bottom: 49.0731
*******************************************************************************************************************
 
 
*******************************************************************************************************************
* MapProvider:  Bing Maps (Luftbild)
* Request Tile 19 (30)
* Left: 8.4217 Top: 49.0953 Right: 8.4380 Bottom: 49.0731
*******************************************************************************************************************
 
 
*******************************************************************************************************************
* MapProvider:  Bing Maps (Luftbild)
* Request Tile 20 (30)
* Left: 8.4380 Top: 49.0953 Right: 8.4543 Bottom: 49.0731
*******************************************************************************************************************
 
 
*******************************************************************************************************************
* MapProvider:  Bing Maps (Luftbild)
* Request Tile 21 (30)
* Left: 8.4543 Top: 49.0953 Right: 8.4706 Bottom: 49.0731
*******************************************************************************************************************
 
 
*******************************************************************************************************************
* MapProvider:  Bing Maps (Luftbild)
* Request Tile 22 (30)
* Left: 8.3566 Top: 49.0731 Right: 8.3729 Bottom: 49.0509
*******************************************************************************************************************
 
 
*******************************************************************************************************************
* MapProvider:  Bing Maps (Luftbild)
* Request Tile 23 (30)
* Left: 8.3728 Top: 49.0731 Right: 8.3892 Bottom: 49.0509
*******************************************************************************************************************
 
 
*******************************************************************************************************************
* MapProvider:  Bing Maps (Luftbild)
* Request Tile 24 (30)
* Left: 8.3891 Top: 49.0731 Right: 8.4055 Bottom: 49.0509
*******************************************************************************************************************
 
 
*******************************************************************************************************************
* MapProvider:  Bing Maps (Luftbild)
* Request Tile 25 (30)
* Left: 8.4054 Top: 49.0731 Right: 8.4217 Bottom: 49.0509
*******************************************************************************************************************
 
 
*******************************************************************************************************************
* MapProvider:  Bing Maps (Luftbild)
* Request Tile 26 (30)
* Left: 8.4217 Top: 49.0731 Right: 8.4380 Bottom: 49.0509
*******************************************************************************************************************
 
 
*******************************************************************************************************************
* MapProvider:  Bing Maps (Luftbild)
* Request Tile 27 (30)
* Left: 8.4380 Top: 49.0731 Right: 8.4543 Bottom: 49.0509
*******************************************************************************************************************
 
 
*******************************************************************************************************************
* MapProvider:  Bing Maps (Luftbild)
* Request Tile 28 (30)
* Left: 8.4543 Top: 49.0731 Right: 8.4706 Bottom: 49.0509
*******************************************************************************************************************
 
 
*******************************************************************************************************************
* MapProvider:  Bing Maps (Luftbild)
* Request Tile 29 (30)
* Left: 8.3566 Top: 49.0509 Right: 8.3729 Bottom: 49.0287
*******************************************************************************************************************
 
 
*******************************************************************************************************************
* MapProvider:  Bing Maps (Luftbild)
* Request Tile 30 (30)
* Left: 8.3728 Top: 49.0509 Right: 8.3892 Bottom: 49.0287
*******************************************************************************************************************
 
 
